<?xml version="1.0" encoding="UTF-8"?>
<testResults version="1.2">
<sample t="311" it="0" lt="310" ct="308" ts="1604391104604" s="true" lb="Check table &apos;stats&apos; for data existence" rc="200" rm="OK" tn="Tests 1-1" dt="text" de="UTF-8" by="11" sby="0" sc="1" ec="0" ng="1" na="1" hn="EPBYMINW5353">
  <assertionResult>
    <name>Response Assertion</name>
    <failure>false</failure>
    <error>false</error>
  </assertionResult>
  <responseHeader class="java.lang.String">shared:false, driver:org.sqlite.JDBC, url:jdbc:sqlite:c:\sqlite\db\ebooksstat2.db, user:null</responseHeader>
  <requestHeader class="java.lang.String"></requestHeader>
  <responseData class="java.lang.String">COUNT(*)
1
</responseData>
  <responseFile class="java.lang.String"></responseFile>
  <samplerData class="java.lang.String">[Select Statement] SELECT COUNT(*) FROM stats

</samplerData>
</sample>
<sample t="1" it="0" lt="1" ct="0" ts="1604391104917" s="false" lb="Check table &apos;words&apos; for data existence" rc="200" rm="OK" tn="Tests 1-1" dt="text" de="UTF-8" by="15" sby="0" sc="1" ec="1" ng="1" na="1" hn="EPBYMINW5353">
  <assertionResult>
    <name>Response Assertion</name>
    <failure>true</failure>
    <error>false</error>
    <failureMessage>Test failed: variable(result_1) expected to equal /

****** received  : 1426[[[3]]]

****** comparison: 1426[[[2]]]

/</failureMessage>
  </assertionResult>
  <responseHeader class="java.lang.String">shared:false, driver:org.sqlite.JDBC, url:jdbc:sqlite:c:\sqlite\db\ebooksstat2.db, user:null</responseHeader>
  <requestHeader class="java.lang.String"></requestHeader>
  <responseData class="java.lang.String">COUNT(*)
14263
</responseData>
  <responseFile class="java.lang.String"></responseFile>
  <samplerData class="java.lang.String">[Select Statement] SELECT COUNT(*) FROM _Цветы_для_Элджернона_Flowers_for_Algernon

</samplerData>
</sample>

</testResults>
